<?xml version="1.0" encoding="UTF-8"?>
<!-- Generated by org.testng.reporters.JUnitReportReporter -->
<testsuite skipped="0" hostname="DESKTOP-32AS404" name="TESTNGBasic.expectedExceptionTest" tests="1" failures="0" timestamp="23 Dec 2018 14:08:43 GMT" time="0.006" errors="0">
  <testcase name="test1" time="0.006" classname="TESTNGBasic.expectedExceptionTest"/>
</testsuite> <!-- TESTNGBasic.expectedExceptionTest -->
