<?xml version="1.0" encoding="UTF-8"?>
<!-- Generated by org.testng.reporters.JUnitReportReporter -->
<testsuite skipped="0" hostname="DESKTOP-32AS404" name="com.test1.tests.MyAccountPageTest" tests="1" failures="0" timestamp="15 Dec 2018 17:55:29 GMT" time="25.766" errors="0">
  <testcase name="f" time="25.766" classname="com.test1.tests.MyAccountPageTest"/>
</testsuite> <!-- com.test1.tests.MyAccountPageTest -->
