<?xml version="1.0" encoding="UTF-8"?>
<!-- Generated by org.testng.reporters.JUnitReportReporter -->
<testsuite skipped="0" hostname="DESKTOP-32AS404" name="TESTNGBasic.extentReportDemo" tests="1" failures="0" timestamp="07 Jan 2019 18:39:43 GMT" time="0.423" errors="0">
  <testcase name="loginTest" time="0.423" classname="TESTNGBasic.extentReportDemo"/>
</testsuite> <!-- TESTNGBasic.extentReportDemo -->
