<?xml version="1.0" encoding="UTF-8"?>
<!-- Generated by org.testng.reporters.JUnitReportReporter -->
<testsuite skipped="0" hostname="DESKTOP-32AS404" name="TESTNGBasic.invocationCountTest" tests="10" failures="0" timestamp="07 Jan 2019 18:11:37 GMT" time="0.018" errors="0">
  <testcase name="sum" time="0.001" classname="TESTNGBasic.invocationCountTest"/>
  <testcase name="sum" time="0.001" classname="TESTNGBasic.invocationCountTest"/>
  <testcase name="sum" time="0.001" classname="TESTNGBasic.invocationCountTest"/>
  <testcase name="sum" time="0.000" classname="TESTNGBasic.invocationCountTest"/>
  <testcase name="sum" time="0.001" classname="TESTNGBasic.invocationCountTest"/>
  <testcase name="sum" time="0.001" classname="TESTNGBasic.invocationCountTest"/>
  <testcase name="sum" time="0.010" classname="TESTNGBasic.invocationCountTest"/>
  <testcase name="sum" time="0.001" classname="TESTNGBasic.invocationCountTest"/>
  <testcase name="sum" time="0.001" classname="TESTNGBasic.invocationCountTest"/>
  <testcase name="sum" time="0.001" classname="TESTNGBasic.invocationCountTest"/>
</testsuite> <!-- TESTNGBasic.invocationCountTest -->
