<?xml version="1.0" encoding="UTF-8"?>
<!-- Generated by org.testng.reporters.JUnitReportReporter -->
<testsuite skipped="0" hostname="DESKTOP-32AS404" name="seleniumBasics.MouseHoverTest" tests="1" failures="0" timestamp="13 Jan 2019 17:21:05 GMT" time="168.558" errors="0">
  <testcase name="loginTest" time="168.558" classname="seleniumBasics.MouseHoverTest"/>
</testsuite> <!-- seleniumBasics.MouseHoverTest -->
